{"C:\\Users\\micha\\OneDrive\\Desktop\\Redux\\redux-project-cote\\redux\\src\\math.js": {"path":"C:\\Users\\micha\\OneDrive\\Desktop\\Redux\\redux-project-cote\\redux\\src\\math.js","statementMap":{"0":{"start":{"line":1,"column":22},"end":{"line":1,"column":48}},"1":{"start":{"line":1,"column":32},"end":{"line":1,"column":48}}},"fnMap":{"0":{"name":"(anonymous_0)","decl":{"start":{"line":1,"column":22},"end":{"line":1,"column":23}},"loc":{"start":{"line":1,"column":32},"end":{"line":1,"column":48}},"line":1}},"branchMap":{},"s":{"0":1,"1":2},"f":{"0":2},"b":{},"_coverageSchema":"1a1c01bbd47fc00a2c39e90264f33305004495a9","hash":"81861980f2a396092117e890427b3f92124ce304"}
,"C:\\Users\\micha\\OneDrive\\Desktop\\Redux\\redux-project-cote\\redux\\src\\store\\api.js": {"path":"C:\\Users\\micha\\OneDrive\\Desktop\\Redux\\redux-project-cote\\redux\\src\\store\\api.js","statementMap":{"0":{"start":{"line":3,"column":28},"end":{"line":3,"column":57}},"1":{"start":{"line":4,"column":30},"end":{"line":4,"column":61}},"2":{"start":{"line":5,"column":29},"end":{"line":5,"column":59}}},"fnMap":{},"branchMap":{},"s":{"0":1,"1":1,"2":1},"f":{},"b":{},"_coverageSchema":"1a1c01bbd47fc00a2c39e90264f33305004495a9","hash":"a704d953960e6a6dad4faea9fbf2f3017f4ac269"}
,"C:\\Users\\micha\\OneDrive\\Desktop\\Redux\\redux-project-cote\\redux\\src\\store\\bugs.js": {"path":"C:\\Users\\micha\\OneDrive\\Desktop\\Redux\\redux-project-cote\\redux\\src\\store\\bugs.js","statementMap":{"0":{"start":{"line":6,"column":14},"end":{"line":42,"column":2}},"1":{"start":{"line":15,"column":6},"end":{"line":15,"column":26}},"2":{"start":{"line":18,"column":6},"end":{"line":18,"column":33}},"3":{"start":{"line":19,"column":6},"end":{"line":19,"column":27}},"4":{"start":{"line":20,"column":6},"end":{"line":20,"column":34}},"5":{"start":{"line":23,"column":6},"end":{"line":23,"column":27}},"6":{"start":{"line":26,"column":33},"end":{"line":26,"column":47}},"7":{"start":{"line":27,"column":20},"end":{"line":27,"column":64}},"8":{"start":{"line":27,"column":47},"end":{"line":27,"column":63}},"9":{"start":{"line":28,"column":6},"end":{"line":28,"column":39}},"10":{"start":{"line":31,"column":6},"end":{"line":31,"column":37}},"11":{"start":{"line":34,"column":20},"end":{"line":34,"column":76}},"12":{"start":{"line":34,"column":47},"end":{"line":34,"column":75}},"13":{"start":{"line":35,"column":6},"end":{"line":35,"column":39}},"14":{"start":{"line":38,"column":20},"end":{"line":38,"column":76}},"15":{"start":{"line":38,"column":47},"end":{"line":38,"column":75}},"16":{"start":{"line":39,"column":6},"end":{"line":39,"column":32}},"17":{"start":{"line":53,"column":4},"end":{"line":53,"column":17}},"18":{"start":{"line":57,"column":12},"end":{"line":57,"column":19}},"19":{"start":{"line":58,"column":24},"end":{"line":69,"column":1}},"20":{"start":{"line":58,"column":30},"end":{"line":69,"column":1}},"21":{"start":{"line":59,"column":22},"end":{"line":59,"column":46}},"22":{"start":{"line":60,"column":24},"end":{"line":60,"column":67}},"23":{"start":{"line":61,"column":2},"end":{"line":61,"column":33}},"24":{"start":{"line":61,"column":26},"end":{"line":61,"column":33}},"25":{"start":{"line":62,"column":2},"end":{"line":68,"column":4}},"26":{"start":{"line":71,"column":22},"end":{"line":76,"column":2}},"27":{"start":{"line":71,"column":29},"end":{"line":76,"column":2}},"28":{"start":{"line":78,"column":26},"end":{"line":83,"column":2}},"29":{"start":{"line":78,"column":32},"end":{"line":83,"column":2}},"30":{"start":{"line":85,"column":31},"end":{"line":90,"column":2}},"31":{"start":{"line":85,"column":49},"end":{"line":90,"column":2}},"32":{"start":{"line":93,"column":33},"end":{"line":97,"column":1}},"33":{"start":{"line":94,"column":11},"end":{"line":94,"column":30}},"34":{"start":{"line":95,"column":11},"end":{"line":95,"column":34}},"35":{"start":{"line":96,"column":21},"end":{"line":96,"column":59}},"36":{"start":{"line":96,"column":45},"end":{"line":96,"column":58}},"37":{"start":{"line":99,"column":29},"end":{"line":102,"column":1}},"38":{"start":{"line":99,"column":39},"end":{"line":102,"column":1}},"39":{"start":{"line":100,"column":11},"end":{"line":100,"column":30}},"40":{"start":{"line":101,"column":10},"end":{"line":101,"column":56}},"41":{"start":{"line":101,"column":34},"end":{"line":101,"column":55}}},"fnMap":{"0":{"name":"(anonymous_0)","decl":{"start":{"line":14,"column":19},"end":{"line":14,"column":20}},"loc":{"start":{"line":14,"column":37},"end":{"line":16,"column":5}},"line":14},"1":{"name":"(anonymous_1)","decl":{"start":{"line":17,"column":18},"end":{"line":17,"column":19}},"loc":{"start":{"line":17,"column":35},"end":{"line":21,"column":5}},"line":17},"2":{"name":"(anonymous_2)","decl":{"start":{"line":22,"column":23},"end":{"line":22,"column":24}},"loc":{"start":{"line":22,"column":40},"end":{"line":24,"column":5}},"line":22},"3":{"name":"(anonymous_3)","decl":{"start":{"line":25,"column":23},"end":{"line":25,"column":24}},"loc":{"start":{"line":25,"column":40},"end":{"line":29,"column":5}},"line":25},"4":{"name":"(anonymous_4)","decl":{"start":{"line":27,"column":40},"end":{"line":27,"column":41}},"loc":{"start":{"line":27,"column":47},"end":{"line":27,"column":63}},"line":27},"5":{"name":"(anonymous_5)","decl":{"start":{"line":30,"column":14},"end":{"line":30,"column":15}},"loc":{"start":{"line":30,"column":31},"end":{"line":32,"column":5}},"line":30},"6":{"name":"(anonymous_6)","decl":{"start":{"line":33,"column":17},"end":{"line":33,"column":18}},"loc":{"start":{"line":33,"column":34},"end":{"line":36,"column":5}},"line":33},"7":{"name":"(anonymous_7)","decl":{"start":{"line":34,"column":40},"end":{"line":34,"column":41}},"loc":{"start":{"line":34,"column":47},"end":{"line":34,"column":75}},"line":34},"8":{"name":"(anonymous_8)","decl":{"start":{"line":37,"column":16},"end":{"line":37,"column":17}},"loc":{"start":{"line":37,"column":33},"end":{"line":40,"column":5}},"line":37},"9":{"name":"(anonymous_9)","decl":{"start":{"line":38,"column":40},"end":{"line":38,"column":41}},"loc":{"start":{"line":38,"column":47},"end":{"line":38,"column":75}},"line":38},"10":{"name":"(anonymous_10)","decl":{"start":{"line":58,"column":24},"end":{"line":58,"column":25}},"loc":{"start":{"line":58,"column":30},"end":{"line":69,"column":1}},"line":58},"11":{"name":"(anonymous_11)","decl":{"start":{"line":58,"column":30},"end":{"line":58,"column":31}},"loc":{"start":{"line":58,"column":54},"end":{"line":69,"column":1}},"line":58},"12":{"name":"(anonymous_12)","decl":{"start":{"line":71,"column":22},"end":{"line":71,"column":23}},"loc":{"start":{"line":71,"column":29},"end":{"line":76,"column":2}},"line":71},"13":{"name":"(anonymous_13)","decl":{"start":{"line":78,"column":26},"end":{"line":78,"column":27}},"loc":{"start":{"line":78,"column":32},"end":{"line":83,"column":2}},"line":78},"14":{"name":"(anonymous_14)","decl":{"start":{"line":85,"column":31},"end":{"line":85,"column":32}},"loc":{"start":{"line":85,"column":49},"end":{"line":90,"column":2}},"line":85},"15":{"name":"(anonymous_15)","decl":{"start":{"line":94,"column":2},"end":{"line":94,"column":3}},"loc":{"start":{"line":94,"column":11},"end":{"line":94,"column":30}},"line":94},"16":{"name":"(anonymous_16)","decl":{"start":{"line":95,"column":2},"end":{"line":95,"column":3}},"loc":{"start":{"line":95,"column":11},"end":{"line":95,"column":34}},"line":95},"17":{"name":"(anonymous_17)","decl":{"start":{"line":96,"column":2},"end":{"line":96,"column":3}},"loc":{"start":{"line":96,"column":21},"end":{"line":96,"column":59}},"line":96},"18":{"name":"(anonymous_18)","decl":{"start":{"line":96,"column":38},"end":{"line":96,"column":39}},"loc":{"start":{"line":96,"column":45},"end":{"line":96,"column":58}},"line":96},"19":{"name":"(anonymous_19)","decl":{"start":{"line":99,"column":29},"end":{"line":99,"column":30}},"loc":{"start":{"line":99,"column":39},"end":{"line":102,"column":1}},"line":99},"20":{"name":"(anonymous_20)","decl":{"start":{"line":100,"column":2},"end":{"line":100,"column":3}},"loc":{"start":{"line":100,"column":11},"end":{"line":100,"column":30}},"line":100},"21":{"name":"(anonymous_21)","decl":{"start":{"line":101,"column":2},"end":{"line":101,"column":3}},"loc":{"start":{"line":101,"column":10},"end":{"line":101,"column":56}},"line":101},"22":{"name":"(anonymous_22)","decl":{"start":{"line":101,"column":27},"end":{"line":101,"column":28}},"loc":{"start":{"line":101,"column":34},"end":{"line":101,"column":55}},"line":101}},"branchMap":{"0":{"loc":{"start":{"line":61,"column":2},"end":{"line":61,"column":33}},"type":"if","locations":[{"start":{"line":61,"column":2},"end":{"line":61,"column":33}},{"start":{"line":61,"column":2},"end":{"line":61,"column":33}}],"line":61}},"s":{"0":1,"1":5,"2":4,"3":4,"4":4,"5":1,"6":0,"7":0,"8":0,"9":0,"10":3,"11":1,"12":1,"13":1,"14":0,"15":0,"16":0,"17":1,"18":1,"19":1,"20":6,"21":6,"22":6,"23":6,"24":1,"25":5,"26":1,"27":4,"28":1,"29":2,"30":1,"31":0,"32":1,"33":1,"34":1,"35":1,"36":3,"37":1,"38":0,"39":0,"40":0,"41":0},"f":{"0":5,"1":4,"2":1,"3":0,"4":0,"5":3,"6":1,"7":1,"8":0,"9":0,"10":6,"11":6,"12":4,"13":2,"14":0,"15":1,"16":1,"17":1,"18":3,"19":0,"20":0,"21":0,"22":0},"b":{"0":[1,5]},"_coverageSchema":"1a1c01bbd47fc00a2c39e90264f33305004495a9","hash":"ed4f9e031f9103e5218cc279699c5da989c78a39"}
,"C:\\Users\\micha\\OneDrive\\Desktop\\Redux\\redux-project-cote\\redux\\src\\store\\configureStore.js": {"path":"C:\\Users\\micha\\OneDrive\\Desktop\\Redux\\redux-project-cote\\redux\\src\\store\\configureStore.js","statementMap":{"0":{"start":{"line":9,"column":2},"end":{"line":17,"column":5}}},"fnMap":{"0":{"name":"(anonymous_0)","decl":{"start":{"line":8,"column":15},"end":{"line":8,"column":16}},"loc":{"start":{"line":8,"column":26},"end":{"line":18,"column":1}},"line":8}},"branchMap":{},"s":{"0":10},"f":{"0":10},"b":{},"_coverageSchema":"1a1c01bbd47fc00a2c39e90264f33305004495a9","hash":"f4bee925d045b6464f8b65f220c8a754f5516601"}
,"C:\\Users\\micha\\OneDrive\\Desktop\\Redux\\redux-project-cote\\redux\\src\\store\\entities.js": {"path":"C:\\Users\\micha\\OneDrive\\Desktop\\Redux\\redux-project-cote\\redux\\src\\store\\entities.js","statementMap":{},"fnMap":{},"branchMap":{},"s":{},"f":{},"b":{},"_coverageSchema":"1a1c01bbd47fc00a2c39e90264f33305004495a9","hash":"e3686c812e31232433e96aa7e73d55eeba960099"}
,"C:\\Users\\micha\\OneDrive\\Desktop\\Redux\\redux-project-cote\\redux\\src\\store\\projects.js": {"path":"C:\\Users\\micha\\OneDrive\\Desktop\\Redux\\redux-project-cote\\redux\\src\\store\\projects.js","statementMap":{"0":{"start":{"line":3,"column":13},"end":{"line":3,"column":14}},"1":{"start":{"line":5,"column":14},"end":{"line":16,"column":2}},"2":{"start":{"line":10,"column":6},"end":{"line":13,"column":9}},"3":{"start":{"line":19,"column":30},"end":{"line":19,"column":43}}},"fnMap":{"0":{"name":"(anonymous_0)","decl":{"start":{"line":9,"column":18},"end":{"line":9,"column":19}},"loc":{"start":{"line":9,"column":39},"end":{"line":14,"column":5}},"line":9}},"branchMap":{},"s":{"0":1,"1":1,"2":0,"3":1},"f":{"0":0},"b":{},"_coverageSchema":"1a1c01bbd47fc00a2c39e90264f33305004495a9","hash":"d016303481074b78c847b1eb6a530be9f2d6c7a5"}
,"C:\\Users\\micha\\OneDrive\\Desktop\\Redux\\redux-project-cote\\redux\\src\\store\\reducer.js": {"path":"C:\\Users\\micha\\OneDrive\\Desktop\\Redux\\redux-project-cote\\redux\\src\\store\\reducer.js","statementMap":{},"fnMap":{},"branchMap":{},"s":{},"f":{},"b":{},"_coverageSchema":"1a1c01bbd47fc00a2c39e90264f33305004495a9","hash":"abd612f23ce12bc8c612d8c0cedf0950a36e6c73"}
,"C:\\Users\\micha\\OneDrive\\Desktop\\Redux\\redux-project-cote\\redux\\src\\store\\users.js": {"path":"C:\\Users\\micha\\OneDrive\\Desktop\\Redux\\redux-project-cote\\redux\\src\\store\\users.js","statementMap":{"0":{"start":{"line":3,"column":13},"end":{"line":3,"column":14}},"1":{"start":{"line":5,"column":14},"end":{"line":16,"column":2}},"2":{"start":{"line":10,"column":6},"end":{"line":13,"column":9}},"3":{"start":{"line":19,"column":27},"end":{"line":19,"column":40}}},"fnMap":{"0":{"name":"(anonymous_0)","decl":{"start":{"line":9,"column":15},"end":{"line":9,"column":16}},"loc":{"start":{"line":9,"column":33},"end":{"line":14,"column":5}},"line":9}},"branchMap":{},"s":{"0":1,"1":1,"2":0,"3":1},"f":{"0":0},"b":{},"_coverageSchema":"1a1c01bbd47fc00a2c39e90264f33305004495a9","hash":"87d56bc77738ff5cd793cb03c8f256bd92002d6b"}
,"C:\\Users\\micha\\OneDrive\\Desktop\\Redux\\redux-project-cote\\redux\\src\\store\\middleware\\api.js": {"path":"C:\\Users\\micha\\OneDrive\\Desktop\\Redux\\redux-project-cote\\redux\\src\\store\\middleware\\api.js","statementMap":{"0":{"start":{"line":4,"column":12},"end":{"line":26,"column":1}},"1":{"start":{"line":4,"column":28},"end":{"line":26,"column":1}},"2":{"start":{"line":4,"column":36},"end":{"line":26,"column":1}},"3":{"start":{"line":5,"column":2},"end":{"line":5,"column":68}},"4":{"start":{"line":5,"column":48},"end":{"line":5,"column":68}},"5":{"start":{"line":6,"column":59},"end":{"line":6,"column":73}},"6":{"start":{"line":7,"column":2},"end":{"line":7,"column":40}},"7":{"start":{"line":7,"column":14},"end":{"line":7,"column":40}},"8":{"start":{"line":8,"column":2},"end":{"line":8,"column":15}},"9":{"start":{"line":9,"column":2},"end":{"line":25,"column":3}},"10":{"start":{"line":10,"column":21},"end":{"line":15,"column":6}},"11":{"start":{"line":17,"column":4},"end":{"line":17,"column":52}},"12":{"start":{"line":19,"column":4},"end":{"line":19,"column":70}},"13":{"start":{"line":19,"column":18},"end":{"line":19,"column":70}},"14":{"start":{"line":22,"column":4},"end":{"line":22,"column":51}},"15":{"start":{"line":24,"column":4},"end":{"line":24,"column":66}},"16":{"start":{"line":24,"column":16},"end":{"line":24,"column":66}}},"fnMap":{"0":{"name":"(anonymous_0)","decl":{"start":{"line":4,"column":12},"end":{"line":4,"column":13}},"loc":{"start":{"line":4,"column":28},"end":{"line":26,"column":1}},"line":4},"1":{"name":"(anonymous_1)","decl":{"start":{"line":4,"column":28},"end":{"line":4,"column":29}},"loc":{"start":{"line":4,"column":36},"end":{"line":26,"column":1}},"line":4},"2":{"name":"(anonymous_2)","decl":{"start":{"line":4,"column":36},"end":{"line":4,"column":37}},"loc":{"start":{"line":4,"column":52},"end":{"line":26,"column":1}},"line":4}},"branchMap":{"0":{"loc":{"start":{"line":5,"column":2},"end":{"line":5,"column":68}},"type":"if","locations":[{"start":{"line":5,"column":2},"end":{"line":5,"column":68}},{"start":{"line":5,"column":2},"end":{"line":5,"column":68}}],"line":5},"1":{"loc":{"start":{"line":7,"column":2},"end":{"line":7,"column":40}},"type":"if","locations":[{"start":{"line":7,"column":2},"end":{"line":7,"column":40}},{"start":{"line":7,"column":2},"end":{"line":7,"column":40}}],"line":7},"2":{"loc":{"start":{"line":19,"column":4},"end":{"line":19,"column":70}},"type":"if","locations":[{"start":{"line":19,"column":4},"end":{"line":19,"column":70}},{"start":{"line":19,"column":4},"end":{"line":19,"column":70}}],"line":19},"3":{"loc":{"start":{"line":24,"column":4},"end":{"line":24,"column":66}},"type":"if","locations":[{"start":{"line":24,"column":4},"end":{"line":24,"column":66}},{"start":{"line":24,"column":4},"end":{"line":24,"column":66}}],"line":24}},"s":{"0":1,"1":10,"2":10,"3":36,"4":25,"5":11,"6":11,"7":5,"8":11,"9":11,"10":11,"11":8,"12":8,"13":8,"14":3,"15":3,"16":1},"f":{"0":10,"1":10,"2":36},"b":{"0":[25,11],"1":[5,6],"2":[8,0],"3":[1,2]},"_coverageSchema":"1a1c01bbd47fc00a2c39e90264f33305004495a9","hash":"132c15db2bbadd49e72d52efcc25ed06f10eaf74"}
,"C:\\Users\\micha\\OneDrive\\Desktop\\Redux\\redux-project-cote\\redux\\src\\store\\middleware\\logger.js": {"path":"C:\\Users\\micha\\OneDrive\\Desktop\\Redux\\redux-project-cote\\redux\\src\\store\\middleware\\logger.js","statementMap":{"0":{"start":{"line":1,"column":15},"end":{"line":7,"column":1}},"1":{"start":{"line":1,"column":24},"end":{"line":7,"column":1}},"2":{"start":{"line":1,"column":33},"end":{"line":7,"column":1}},"3":{"start":{"line":1,"column":41},"end":{"line":7,"column":1}},"4":{"start":{"line":6,"column":2},"end":{"line":6,"column":22}}},"fnMap":{"0":{"name":"(anonymous_0)","decl":{"start":{"line":1,"column":15},"end":{"line":1,"column":16}},"loc":{"start":{"line":1,"column":24},"end":{"line":7,"column":1}},"line":1},"1":{"name":"(anonymous_1)","decl":{"start":{"line":1,"column":24},"end":{"line":1,"column":25}},"loc":{"start":{"line":1,"column":33},"end":{"line":7,"column":1}},"line":1},"2":{"name":"(anonymous_2)","decl":{"start":{"line":1,"column":33},"end":{"line":1,"column":34}},"loc":{"start":{"line":1,"column":41},"end":{"line":7,"column":1}},"line":1},"3":{"name":"(anonymous_3)","decl":{"start":{"line":1,"column":41},"end":{"line":1,"column":42}},"loc":{"start":{"line":1,"column":51},"end":{"line":7,"column":1}},"line":1}},"branchMap":{},"s":{"0":1,"1":10,"2":10,"3":10,"4":36},"f":{"0":10,"1":10,"2":10,"3":36},"b":{},"_coverageSchema":"1a1c01bbd47fc00a2c39e90264f33305004495a9","hash":"2e32d723bb809a15873c0f457b9dee629c6ca44d"}
,"C:\\Users\\micha\\OneDrive\\Desktop\\Redux\\redux-project-cote\\redux\\src\\store\\middleware\\toast.js": {"path":"C:\\Users\\micha\\OneDrive\\Desktop\\Redux\\redux-project-cote\\redux\\src\\store\\middleware\\toast.js","statementMap":{"0":{"start":{"line":1,"column":14},"end":{"line":4,"column":1}},"1":{"start":{"line":1,"column":23},"end":{"line":4,"column":1}},"2":{"start":{"line":1,"column":31},"end":{"line":4,"column":1}},"3":{"start":{"line":2,"column":2},"end":{"line":3,"column":27}},"4":{"start":{"line":2,"column":30},"end":{"line":2,"column":75}},"5":{"start":{"line":3,"column":7},"end":{"line":3,"column":27}}},"fnMap":{"0":{"name":"(anonymous_0)","decl":{"start":{"line":1,"column":14},"end":{"line":1,"column":15}},"loc":{"start":{"line":1,"column":23},"end":{"line":4,"column":1}},"line":1},"1":{"name":"(anonymous_1)","decl":{"start":{"line":1,"column":23},"end":{"line":1,"column":24}},"loc":{"start":{"line":1,"column":31},"end":{"line":4,"column":1}},"line":1},"2":{"name":"(anonymous_2)","decl":{"start":{"line":1,"column":31},"end":{"line":1,"column":32}},"loc":{"start":{"line":1,"column":41},"end":{"line":4,"column":1}},"line":1}},"branchMap":{"0":{"loc":{"start":{"line":2,"column":2},"end":{"line":3,"column":27}},"type":"if","locations":[{"start":{"line":2,"column":2},"end":{"line":3,"column":27}},{"start":{"line":2,"column":2},"end":{"line":3,"column":27}}],"line":2}},"s":{"0":1,"1":10,"2":10,"3":36,"4":0,"5":36},"f":{"0":10,"1":10,"2":36},"b":{"0":[0,36]},"_coverageSchema":"1a1c01bbd47fc00a2c39e90264f33305004495a9","hash":"e4d5af9d81002ac95bf4b2617329cd14f827b687"}
}
